d:\dropbox\поиск работы 2015-2016\kinexon\challenge\msvc\x64\release\vc140.pdb
d:\dropbox\поиск работы 2015-2016\kinexon\challenge\msvc\x64\release\statisticsfilelogger.obj
d:\dropbox\поиск работы 2015-2016\kinexon\challenge\msvc\x64\release\positionprocessorimpl.obj
d:\dropbox\поиск работы 2015-2016\kinexon\challenge\msvc\x64\release\positiongeneratorrunner.obj
d:\dropbox\поиск работы 2015-2016\kinexon\challenge\msvc\x64\release\positiongeneratorimpl.obj
d:\dropbox\поиск работы 2015-2016\kinexon\challenge\msvc\x64\release\positionfilelogger.obj
d:\dropbox\поиск работы 2015-2016\kinexon\challenge\msvc\x64\release\noisypositiongenerator.obj
d:\dropbox\поиск работы 2015-2016\kinexon\challenge\msvc\x64\release\noisereducingpositionprocessor.obj
d:\dropbox\поиск работы 2015-2016\kinexon\challenge\msvc\x64\release\main.obj
d:\dropbox\поиск работы 2015-2016\kinexon\challenge\msvc\x64\release\common.obj
d:\dropbox\поиск работы 2015-2016\kinexon\challenge\msvc\x64\release\positionstats.exe
d:\dropbox\поиск работы 2015-2016\kinexon\challenge\msvc\x64\release\positionstats.ipdb
d:\dropbox\поиск работы 2015-2016\kinexon\challenge\msvc\x64\release\positionstats.iobj
d:\dropbox\поиск работы 2015-2016\kinexon\challenge\msvc\x64\release\positionstats.pdb
d:\dropbox\поиск работы 2015-2016\kinexon\challenge\msvc\x64\release\positionstats.tlog\cl.command.1.tlog
d:\dropbox\поиск работы 2015-2016\kinexon\challenge\msvc\x64\release\positionstats.tlog\cl.read.1.tlog
d:\dropbox\поиск работы 2015-2016\kinexon\challenge\msvc\x64\release\positionstats.tlog\cl.write.1.tlog
d:\dropbox\поиск работы 2015-2016\kinexon\challenge\msvc\x64\release\positionstats.tlog\link.command.1.tlog
d:\dropbox\поиск работы 2015-2016\kinexon\challenge\msvc\x64\release\positionstats.tlog\link.read.1.tlog
d:\dropbox\поиск работы 2015-2016\kinexon\challenge\msvc\x64\release\positionstats.tlog\link.write.1.tlog
